Determining if the pthread_create exist failed with the following output:
Change Dir: /home/fawzi/catkin_ws/build/iq_sim/CMakeFiles/CMakeTmp

Run Build Command:"/usr/bin/make" "cmTC_f7a96/fast"
/usr/bin/make -f CMakeFiles/cmTC_f7a96.dir/build.make CMakeFiles/cmTC_f7a96.dir/build
make[1]: Entering directory '/home/fawzi/catkin_ws/build/iq_sim/CMakeFiles/CMakeTmp'
Building C object CMakeFiles/cmTC_f7a96.dir/CheckSymbolExists.c.o
/usr/lib/ccache/cc    -o CMakeFiles/cmTC_f7a96.dir/CheckSymbolExists.c.o   -c /home/fawzi/catkin_ws/build/iq_sim/CMakeFiles/CMakeTmp/CheckSymbolExists.c
Linking C executable cmTC_f7a96
/usr/bin/cmake -E cmake_link_script CMakeFiles/cmTC_f7a96.dir/link.txt --verbose=1
/usr/lib/ccache/cc      -rdynamic CMakeFiles/cmTC_f7a96.dir/CheckSymbolExists.c.o  -o cmTC_f7a96 
CMakeFiles/cmTC_f7a96.dir/CheckSymbolExists.c.o: In function `main':
CheckSymbolExists.c:(.text+0x1b): undefined reference to `pthread_create'
collect2: error: ld returned 1 exit status
CMakeFiles/cmTC_f7a96.dir/build.make:97: recipe for target 'cmTC_f7a96' failed
make[1]: *** [cmTC_f7a96] Error 1
make[1]: Leaving directory '/home/fawzi/catkin_ws/build/iq_sim/CMakeFiles/CMakeTmp'
Makefile:126: recipe for target 'cmTC_f7a96/fast' failed
make: *** [cmTC_f7a96/fast] Error 2

File /home/fawzi/catkin_ws/build/iq_sim/CMakeFiles/CMakeTmp/CheckSymbolExists.c:
/* */
#include <pthread.h>

int main(int argc, char** argv)
{
  (void)argv;
#ifndef pthread_create
  return ((int*)(&pthread_create))[argc];
#else
  (void)argc;
  return 0;
#endif
}

Determining if the function pthread_create exists in the pthreads failed with the following output:
Change Dir: /home/fawzi/catkin_ws/build/iq_sim/CMakeFiles/CMakeTmp

Run Build Command:"/usr/bin/make" "cmTC_23a14/fast"
/usr/bin/make -f CMakeFiles/cmTC_23a14.dir/build.make CMakeFiles/cmTC_23a14.dir/build
make[1]: Entering directory '/home/fawzi/catkin_ws/build/iq_sim/CMakeFiles/CMakeTmp'
Building C object CMakeFiles/cmTC_23a14.dir/CheckFunctionExists.c.o
/usr/lib/ccache/cc   -DCHECK_FUNCTION_EXISTS=pthread_create   -o CMakeFiles/cmTC_23a14.dir/CheckFunctionExists.c.o   -c /usr/share/cmake-3.10/Modules/CheckFunctionExists.c
Linking C executable cmTC_23a14
/usr/bin/cmake -E cmake_link_script CMakeFiles/cmTC_23a14.dir/link.txt --verbose=1
/usr/lib/ccache/cc  -DCHECK_FUNCTION_EXISTS=pthread_create    -rdynamic CMakeFiles/cmTC_23a14.dir/CheckFunctionExists.c.o  -o cmTC_23a14 -lpthreads 
/usr/bin/ld: cannot find -lpthreads
collect2: error: ld returned 1 exit status
CMakeFiles/cmTC_23a14.dir/build.make:97: recipe for target 'cmTC_23a14' failed
make[1]: *** [cmTC_23a14] Error 1
make[1]: Leaving directory '/home/fawzi/catkin_ws/build/iq_sim/CMakeFiles/CMakeTmp'
Makefile:126: recipe for target 'cmTC_23a14/fast' failed
make: *** [cmTC_23a14/fast] Error 2


