Determining if the pthread_create exist failed with the following output:
Change Dir: /home/fawzi/catkin_ws/build/catkin_tools_prebuild/CMakeFiles/CMakeTmp

Run Build Command:"/usr/bin/make" "cmTC_5a086/fast"
/usr/bin/make -f CMakeFiles/cmTC_5a086.dir/build.make CMakeFiles/cmTC_5a086.dir/build
make[1]: Entering directory '/home/fawzi/catkin_ws/build/catkin_tools_prebuild/CMakeFiles/CMakeTmp'
Building C object CMakeFiles/cmTC_5a086.dir/CheckSymbolExists.c.o
/usr/lib/ccache/cc    -o CMakeFiles/cmTC_5a086.dir/CheckSymbolExists.c.o   -c /home/fawzi/catkin_ws/build/catkin_tools_prebuild/CMakeFiles/CMakeTmp/CheckSymbolExists.c
Linking C executable cmTC_5a086
/usr/bin/cmake -E cmake_link_script CMakeFiles/cmTC_5a086.dir/link.txt --verbose=1
/usr/lib/ccache/cc      -rdynamic CMakeFiles/cmTC_5a086.dir/CheckSymbolExists.c.o  -o cmTC_5a086 
CMakeFiles/cmTC_5a086.dir/CheckSymbolExists.c.o: In function `main':
CheckSymbolExists.c:(.text+0x1b): undefined reference to `pthread_create'
collect2: error: ld returned 1 exit status
CMakeFiles/cmTC_5a086.dir/build.make:97: recipe for target 'cmTC_5a086' failed
make[1]: *** [cmTC_5a086] Error 1
make[1]: Leaving directory '/home/fawzi/catkin_ws/build/catkin_tools_prebuild/CMakeFiles/CMakeTmp'
Makefile:126: recipe for target 'cmTC_5a086/fast' failed
make: *** [cmTC_5a086/fast] Error 2

File /home/fawzi/catkin_ws/build/catkin_tools_prebuild/CMakeFiles/CMakeTmp/CheckSymbolExists.c:
/* */
#include <pthread.h>

int main(int argc, char** argv)
{
  (void)argv;
#ifndef pthread_create
  return ((int*)(&pthread_create))[argc];
#else
  (void)argc;
  return 0;
#endif
}

Determining if the function pthread_create exists in the pthreads failed with the following output:
Change Dir: /home/fawzi/catkin_ws/build/catkin_tools_prebuild/CMakeFiles/CMakeTmp

Run Build Command:"/usr/bin/make" "cmTC_ddd8b/fast"
/usr/bin/make -f CMakeFiles/cmTC_ddd8b.dir/build.make CMakeFiles/cmTC_ddd8b.dir/build
make[1]: Entering directory '/home/fawzi/catkin_ws/build/catkin_tools_prebuild/CMakeFiles/CMakeTmp'
Building C object CMakeFiles/cmTC_ddd8b.dir/CheckFunctionExists.c.o
/usr/lib/ccache/cc   -DCHECK_FUNCTION_EXISTS=pthread_create   -o CMakeFiles/cmTC_ddd8b.dir/CheckFunctionExists.c.o   -c /usr/share/cmake-3.10/Modules/CheckFunctionExists.c
Linking C executable cmTC_ddd8b
/usr/bin/cmake -E cmake_link_script CMakeFiles/cmTC_ddd8b.dir/link.txt --verbose=1
/usr/lib/ccache/cc  -DCHECK_FUNCTION_EXISTS=pthread_create    -rdynamic CMakeFiles/cmTC_ddd8b.dir/CheckFunctionExists.c.o  -o cmTC_ddd8b -lpthreads 
/usr/bin/ld: cannot find -lpthreads
collect2: error: ld returned 1 exit status
CMakeFiles/cmTC_ddd8b.dir/build.make:97: recipe for target 'cmTC_ddd8b' failed
make[1]: *** [cmTC_ddd8b] Error 1
make[1]: Leaving directory '/home/fawzi/catkin_ws/build/catkin_tools_prebuild/CMakeFiles/CMakeTmp'
Makefile:126: recipe for target 'cmTC_ddd8b/fast' failed
make: *** [cmTC_ddd8b/fast] Error 2


